<?xml version="1.0" encoding="UTF-8"?>
<!-- Generated by org.testng.reporters.JUnitReportReporter -->
<testsuite skipped="0" hostname="IUSA30001.local" name="com.crm.qa.util.HomeTest" tests="1" failures="0" timestamp="2022-08-11T21:47:18 BST" time="60.466" errors="0">
  <testcase name="HomePageTitleTest" time="60.466" classname="com.crm.qa.util.HomeTest"/>
  <system-out/>
</testsuite> <!-- com.crm.qa.util.HomeTest -->
