<?xml version="1.0" encoding="UTF-8"?>
<!-- Generated by org.testng.reporters.JUnitReportReporter -->
<testsuite skipped="0" hostname="IUSA30001.local" name="com.crm.qa.util.LogInPage_Test" tests="1" failures="0" timestamp="2022-08-15T22:28:33 BST" time="11.055" errors="0">
  <testcase name="check_user" time="11.055" classname="com.crm.qa.util.LogInPage_Test"/>
  <system-out/>
</testsuite> <!-- com.crm.qa.util.LogInPage_Test -->
